<?xml version="1.0" encoding="UTF-8"?>
<testng-results ignored="0" total="2" passed="2" failed="0" skipped="0">
  <reporter-output>
  </reporter-output>
  <suite started-at="2024-04-21T17:38:38Z" name="Default suite" finished-at="2024-04-21T17:39:15Z" duration-ms="36983">
    <groups>
    </groups>
    <test started-at="2024-04-21T17:38:38Z" name="Default test" finished-at="2024-04-21T17:39:15Z" duration-ms="36983">
      <class name="Jpack.Demo3">
        <test-method signature="One()[pri:0, instance:Jpack.Demo3@7b205dbd]" started-at="2024-04-21T23:08:38Z" name="One" finished-at="2024-04-21T23:09:15Z" duration-ms="36889" status="PASS">
          <reporter-output>
          </reporter-output>
        </test-method> <!-- One -->
        <test-method is-config="true" signature="closure()[pri:0, instance:Jpack.Demo3@7b205dbd]" started-at="2024-04-21T23:09:15Z" name="closure" finished-at="2024-04-21T23:09:15Z" duration-ms="78" status="PASS">
          <reporter-output>
          </reporter-output>
        </test-method> <!-- closure -->
      </class> <!-- Jpack.Demo3 -->
      <class name="Jpack.Demor">
        <test-method signature="rt()[pri:0, instance:Jpack.Demor@106cc338]" started-at="2024-04-21T23:09:15Z" name="rt" finished-at="2024-04-21T23:09:15Z" duration-ms="2" status="PASS">
          <reporter-output>
          </reporter-output>
        </test-method> <!-- rt -->
      </class> <!-- Jpack.Demor -->
    </test> <!-- Default test -->
  </suite> <!-- Default suite -->
</testng-results>
